android/app/build/intermediates/manifest_merge_blame_file/debug/manifest-merger-blame-debug-report.txt
1<?xml version="1.0" encoding="utf-8"?>
2<manifest xmlns:android="http://schemas.android.com/apk/res/android"
3    package="com.example.kingsfam"
4    android:versionCode="1"
5    android:versionName="1.0.0" >
6
7    <uses-sdk
8        android:minSdkVersion="23"
9        android:targetSdkVersion="30" />
10    <!--
11         Flutter needs it to communicate with the running application
12         to allow setting breakpoints, to provide hot reload, etc.
13    -->
14    <uses-permission android:name="android.permission.INTERNET" />
14-->src\main\AndroidManifest.xml:6:1-63
14-->src\main\AndroidManifest.xml:6:18-60
15    <uses-permission android:name="android.permission.READ_PHONE_STATE" />
15-->src\main\AndroidManifest.xml:5:5-74
15-->src\main\AndroidManifest.xml:5:22-72
16    <uses-permission android:name="android.permission.RECORD_AUDIO" />
16-->src\main\AndroidManifest.xml:7:1-67
16-->src\main\AndroidManifest.xml:7:18-64
17    <uses-permission android:name="android.permission.CAMERA" />
17-->src\main\AndroidManifest.xml:8:1-61
17-->src\main\AndroidManifest.xml:8:18-58
18    <uses-permission android:name="android.permission.MODIFY_AUDIO_SETTINGS" />
18-->src\main\AndroidManifest.xml:9:1-76
18-->src\main\AndroidManifest.xml:9:18-73
19    <uses-permission android:name="android.permission.ACCESS_NETWORK_STATE" /> <!-- The Flutter Sound -->
19-->src\main\AndroidManifest.xml:10:1-75
19-->src\main\AndroidManifest.xml:10:18-72
20    <uses-permission android:name="android.permission.RECORD_AUDIO" />
20-->src\main\AndroidManifest.xml:7:1-67
20-->src\main\AndroidManifest.xml:7:18-64
21    <uses-permission android:name="android.permission.FOREGROUND_SERVICE" /> <!-- The Agora SDK requires Bluetooth permissions in case users are using Bluetooth devices. -->
21-->src\main\AndroidManifest.xml:13:1-73
21-->src\main\AndroidManifest.xml:13:18-70
22    <uses-permission android:name="android.permission.BLUETOOTH" /> <!-- This is for the ig gall capture -->
22-->src\main\AndroidManifest.xml:16:1-64
22-->src\main\AndroidManifest.xml:16:18-61
23    <uses-permission android:name="android.permission.WRITE_EXTERNAL_STORAGE" />
23-->src\main\AndroidManifest.xml:18:1-77
23-->src\main\AndroidManifest.xml:18:18-74
24    <uses-permission android:name="android.permission.READ_EXTERNAL_STORAGE" />
24-->src\main\AndroidManifest.xml:19:1-76
24-->src\main\AndroidManifest.xml:19:18-73
25    <uses-permission android:name="android.permission.READ_PHONE_STATE" />
25-->src\main\AndroidManifest.xml:5:5-74
25-->src\main\AndroidManifest.xml:5:22-72
26    <uses-permission android:name="android.permission.RECORD_AUDIO" />
26-->src\main\AndroidManifest.xml:7:1-67
26-->src\main\AndroidManifest.xml:7:18-64
27    <uses-permission android:name="android.permission.CAMERA" />
27-->src\main\AndroidManifest.xml:8:1-61
27-->src\main\AndroidManifest.xml:8:18-58
28    <uses-permission android:name="android.permission.MODIFY_AUDIO_SETTINGS" />
28-->src\main\AndroidManifest.xml:9:1-76
28-->src\main\AndroidManifest.xml:9:18-73
29    <uses-permission android:name="android.permission.ACCESS_NETWORK_STATE" /> <!-- The Agora SDK requires Bluetooth permissions in case users are using Bluetooth devices. -->
29-->src\main\AndroidManifest.xml:10:1-75
29-->src\main\AndroidManifest.xml:10:18-72
30    <uses-permission android:name="android.permission.BLUETOOTH" />
30-->src\main\AndroidManifest.xml:16:1-64
30-->src\main\AndroidManifest.xml:16:18-61
31    <uses-permission android:name="android.permission.WAKE_LOCK" />
31-->[:firebase_messaging] AndroidManifest.xml:8:5-68
31-->[:firebase_messaging] AndroidManifest.xml:8:22-65
32    <uses-permission android:name="android.permission.ACCESS_WIFI_STATE" />
32-->[:agora_rtc_engine] AndroidManifest.xml:17:5-76
32-->[:agora_rtc_engine] AndroidManifest.xml:17:22-73
33    <uses-permission android:name="android.permission.READ_PRIVILEGED_PHONE_STATE" /> <!-- Required by older versions of Google Play services to create IID tokens -->
33-->[:agora_rtc_engine] AndroidManifest.xml:19:5-21:47
33-->[:agora_rtc_engine] AndroidManifest.xml:20:9-70
34    <uses-permission android:name="com.google.android.c2dm.permission.RECEIVE" />
34-->[com.google.firebase:firebase-messaging:22.0.0] AndroidManifest.xml:25:5-82
34-->[com.google.firebase:firebase-messaging:22.0.0] AndroidManifest.xml:25:22-79
35    <uses-permission android:name="com.google.android.finsky.permission.BIND_GET_INSTALL_REFERRER_SERVICE" />
35-->[com.google.android.gms:play-services-measurement:19.0.0] AndroidManifest.xml:26:5-110
35-->[com.google.android.gms:play-services-measurement:19.0.0] AndroidManifest.xml:26:22-107
36
37    <queries>
37-->[androidx.media2:media2-session:1.1.3] AndroidManifest.xml:24:5-34:15
38        <intent>
38-->[androidx.media2:media2-session:1.1.3] AndroidManifest.xml:25:9-27:18
39            <action android:name="android.media.browse.MediaBrowserService" />
39-->[androidx.media2:media2-session:1.1.3] AndroidManifest.xml:26:13-79
39-->[androidx.media2:media2-session:1.1.3] AndroidManifest.xml:26:21-76
40        </intent>
41        <intent>
41-->[androidx.media2:media2-session:1.1.3] AndroidManifest.xml:25:9-27:18
42            <action android:name="androidx.media2.session.MediaSessionService" />
43        </intent>
44        <intent>
44-->[androidx.media2:media2-session:1.1.3] AndroidManifest.xml:25:9-27:18
45            <action android:name="androidx.media2.session.MediaLibraryService" />
46        </intent>
47        <!-- For browser content -->
48        <intent>
48-->[androidx.media2:media2-session:1.1.3] AndroidManifest.xml:25:9-27:18
49            <action android:name="android.intent.action.VIEW" />
49-->[com.google.firebase:firebase-auth:21.0.1] AndroidManifest.xml:34:17-69
49-->[com.google.firebase:firebase-auth:21.0.1] AndroidManifest.xml:34:25-66
50
51            <category android:name="android.intent.category.BROWSABLE" />
51-->[com.google.firebase:firebase-auth:21.0.1] AndroidManifest.xml:37:17-78
51-->[com.google.firebase:firebase-auth:21.0.1] AndroidManifest.xml:37:27-75
52
53            <data android:scheme="https" />
53-->[com.google.firebase:firebase-auth:21.0.1] AndroidManifest.xml:39:17-42:51
53-->[com.google.firebase:firebase-auth:21.0.1] AndroidManifest.xml:42:21-48
54        </intent> <!-- End of browser content -->
55        <!-- For CustomTabsService -->
56        <intent>
56-->[androidx.media2:media2-session:1.1.3] AndroidManifest.xml:25:9-27:18
57            <action android:name="android.support.customtabs.action.CustomTabsService" />
58        </intent>
59    </queries>
60
61    <uses-permission android:name="com.google.android.gms.permission.AD_ID" />
61-->[com.google.android.gms:play-services-ads-lite:20.6.0] AndroidManifest.xml:25:5-79
61-->[com.google.android.gms:play-services-ads-lite:20.6.0] AndroidManifest.xml:25:22-76
62    <uses-permission android:name="android.permission.RECEIVE_BOOT_COMPLETED" />
62-->[androidx.work:work-runtime:2.7.0] AndroidManifest.xml:27:5-81
62-->[androidx.work:work-runtime:2.7.0] AndroidManifest.xml:27:22-78
63
64    <application
64-->src\main\AndroidManifest.xml:22:4-67:19
65        android:appComponentFactory="androidx.core.app.CoreComponentFactory"
65-->[androidx.core:core:1.6.0] AndroidManifest.xml:24:18-86
66        android:debuggable="true"
67        android:icon="@mipmap/ic_launcher"
67-->src\main\AndroidManifest.xml:24:9-43
68        android:label="kingsfam" >
68-->src\main\AndroidManifest.xml:23:9-33
69        <activity
69-->src\main\AndroidManifest.xml:25:9-53:20
70            android:name="com.example.kingsfam.MainActivity"
70-->src\main\AndroidManifest.xml:26:13-41
71            android:configChanges="orientation|keyboardHidden|keyboard|screenSize|smallestScreenSize|locale|layoutDirection|fontScale|screenLayout|density|uiMode"
71-->src\main\AndroidManifest.xml:29:13-163
72            android:hardwareAccelerated="true"
72-->src\main\AndroidManifest.xml:30:13-47
73            android:launchMode="singleTop"
73-->src\main\AndroidManifest.xml:27:13-43
74            android:theme="@style/LaunchTheme"
74-->src\main\AndroidManifest.xml:28:13-47
75            android:windowSoftInputMode="adjustResize" >
75-->src\main\AndroidManifest.xml:31:13-55
76
77            <!--
78                 Specifies an Android theme to apply to this Activity as soon as
79                 the Android process has started. This theme is visible to the user
80                 while the Flutter UI initializes. After that, this theme continues
81                 to determine the Window background behind the Flutter UI.
82            -->
83            <meta-data
83-->src\main\AndroidManifest.xml:36:13-39:17
84                android:name="io.flutter.embedding.android.NormalTheme"
84-->src\main\AndroidManifest.xml:37:15-70
85                android:resource="@style/NormalTheme" />
85-->src\main\AndroidManifest.xml:38:15-52
86            <!--
87                 Displays an Android View that continues showing the launch screen
88                 Drawable until Flutter paints its first frame, then this splash
89                 screen fades out. A splash screen is useful to avoid any visual
90                 gap between the end of Android's launch screen and the painting of
91                 Flutter's first frame.
92            -->
93            <meta-data
93-->src\main\AndroidManifest.xml:45:13-48:17
94                android:name="io.flutter.embedding.android.SplashScreenDrawable"
94-->src\main\AndroidManifest.xml:46:15-79
95                android:resource="@drawable/launch_background" />
95-->src\main\AndroidManifest.xml:47:15-61
96
97            <intent-filter>
97-->src\main\AndroidManifest.xml:49:13-52:29
98                <action android:name="android.intent.action.MAIN" />
98-->src\main\AndroidManifest.xml:50:17-68
98-->src\main\AndroidManifest.xml:50:25-66
99
100                <category android:name="android.intent.category.LAUNCHER" />
100-->src\main\AndroidManifest.xml:51:17-76
100-->src\main\AndroidManifest.xml:51:27-74
101            </intent-filter>
102        </activity>
103        <activity
103-->src\main\AndroidManifest.xml:54:9-57:69
104            android:name="com.yalantis.ucrop.UCropActivity"
104-->src\main\AndroidManifest.xml:55:11-58
105            android:screenOrientation="portrait"
105-->src\main\AndroidManifest.xml:56:11-47
106            android:theme="@style/Theme.AppCompat.Light.NoActionBar" />
106-->src\main\AndroidManifest.xml:57:11-67
107        <!--
108             Don't delete the meta-data below.
109             This is used by the Flutter tool to generate GeneratedPluginRegistrant.java
110        -->
111        <meta-data
111-->src\main\AndroidManifest.xml:60:9-62:33
112            android:name="flutterEmbedding"
112-->src\main\AndroidManifest.xml:61:13-44
113            android:value="2" />
113-->src\main\AndroidManifest.xml:62:13-30
114        <meta-data
114-->src\main\AndroidManifest.xml:63:9-65:63
115            android:name="com.google.android.gms.ads.APPLICATION_ID"
115-->src\main\AndroidManifest.xml:64:7-63
116            android:value="ca-app-pub-3940256099942544~3347511713" />
116-->src\main\AndroidManifest.xml:65:7-61
117
118        <service
118-->[:cloud_firestore] AndroidManifest.xml:8:9-12:19
119            android:name="com.google.firebase.components.ComponentDiscoveryService"
119-->[:cloud_firestore] AndroidManifest.xml:8:18-89
120            android:directBootAware="true"
120-->[com.google.firebase:firebase-common:20.0.0] AndroidManifest.xml:35:13-43
121            android:exported="false" >
121-->[com.google.firebase:firebase-messaging:22.0.0] AndroidManifest.xml:51:13-37
122            <meta-data
122-->[:cloud_firestore] AndroidManifest.xml:9:13-11:85
123                android:name="com.google.firebase.components:io.flutter.plugins.firebase.firestore.FlutterFirebaseFirestoreRegistrar"
123-->[:cloud_firestore] AndroidManifest.xml:10:17-134
124                android:value="com.google.firebase.components.ComponentRegistrar" />
124-->[:cloud_firestore] AndroidManifest.xml:11:17-82
125            <meta-data
125-->[:firebase_auth] AndroidManifest.xml:9:13-11:85
126                android:name="com.google.firebase.components:io.flutter.plugins.firebase.auth.FlutterFirebaseAuthRegistrar"
126-->[:firebase_auth] AndroidManifest.xml:10:17-124
127                android:value="com.google.firebase.components.ComponentRegistrar" />
127-->[:firebase_auth] AndroidManifest.xml:11:17-82
128            <meta-data
128-->[:firebase_storage] AndroidManifest.xml:9:13-11:85
129                android:name="com.google.firebase.components:io.flutter.plugins.firebase.storage.FlutterFirebaseAppRegistrar"
129-->[:firebase_storage] AndroidManifest.xml:10:17-126
130                android:value="com.google.firebase.components.ComponentRegistrar" />
130-->[:firebase_storage] AndroidManifest.xml:11:17-82
131            <meta-data
131-->[:firebase_messaging] AndroidManifest.xml:34:13-36:85
132                android:name="com.google.firebase.components:io.flutter.plugins.firebase.messaging.FlutterFirebaseAppRegistrar"
132-->[:firebase_messaging] AndroidManifest.xml:35:17-128
133                android:value="com.google.firebase.components.ComponentRegistrar" />
133-->[:firebase_messaging] AndroidManifest.xml:36:17-82
134            <meta-data
134-->[:firebase_core] AndroidManifest.xml:9:13-11:85
135                android:name="com.google.firebase.components:io.flutter.plugins.firebase.core.FlutterFirebaseCoreRegistrar"
135-->[:firebase_core] AndroidManifest.xml:10:17-124
136                android:value="com.google.firebase.components.ComponentRegistrar" />
136-->[:firebase_core] AndroidManifest.xml:11:17-82
137            <meta-data
137-->[com.google.firebase:firebase-messaging:22.0.0] AndroidManifest.xml:52:13-54:85
138                android:name="com.google.firebase.components:com.google.firebase.messaging.FirebaseMessagingRegistrar"
138-->[com.google.firebase:firebase-messaging:22.0.0] AndroidManifest.xml:53:17-119
139                android:value="com.google.firebase.components.ComponentRegistrar" />
139-->[com.google.firebase:firebase-messaging:22.0.0] AndroidManifest.xml:54:17-82
140            <meta-data
140-->[com.google.firebase:firebase-datatransport:18.0.0] AndroidManifest.xml:28:13-30:85
141                android:name="com.google.firebase.components:com.google.firebase.datatransport.TransportRegistrar"
141-->[com.google.firebase:firebase-datatransport:18.0.0] AndroidManifest.xml:29:17-115
142                android:value="com.google.firebase.components.ComponentRegistrar" />
142-->[com.google.firebase:firebase-datatransport:18.0.0] AndroidManifest.xml:30:17-82
143            <meta-data
143-->[com.google.firebase:firebase-auth:21.0.1] AndroidManifest.xml:77:13-79:85
144                android:name="com.google.firebase.components:com.google.firebase.auth.FirebaseAuthRegistrar"
144-->[com.google.firebase:firebase-auth:21.0.1] AndroidManifest.xml:78:17-109
145                android:value="com.google.firebase.components.ComponentRegistrar" />
145-->[com.google.firebase:firebase-auth:21.0.1] AndroidManifest.xml:79:17-82
146            <meta-data
146-->[com.google.firebase:firebase-firestore:23.0.3] AndroidManifest.xml:20:13-22:85
147                android:name="com.google.firebase.components:com.google.firebase.firestore.FirestoreRegistrar"
147-->[com.google.firebase:firebase-firestore:23.0.3] AndroidManifest.xml:21:17-111
148                android:value="com.google.firebase.components.ComponentRegistrar" />
148-->[com.google.firebase:firebase-firestore:23.0.3] AndroidManifest.xml:22:17-82
149            <meta-data
149-->[com.google.firebase:firebase-storage:20.0.0] AndroidManifest.xml:33:13-35:85
150                android:name="com.google.firebase.components:com.google.firebase.storage.StorageRegistrar"
150-->[com.google.firebase:firebase-storage:20.0.0] AndroidManifest.xml:34:17-107
151                android:value="com.google.firebase.components.ComponentRegistrar" />
151-->[com.google.firebase:firebase-storage:20.0.0] AndroidManifest.xml:35:17-82
152            <meta-data
152-->[com.google.android.gms:play-services-measurement-api:19.0.0] AndroidManifest.xml:30:13-32:85
153                android:name="com.google.firebase.components:com.google.firebase.analytics.connector.internal.AnalyticsConnectorRegistrar"
153-->[com.google.android.gms:play-services-measurement-api:19.0.0] AndroidManifest.xml:31:17-139
154                android:value="com.google.firebase.components.ComponentRegistrar" />
154-->[com.google.android.gms:play-services-measurement-api:19.0.0] AndroidManifest.xml:32:17-82
155            <meta-data
155-->[com.google.firebase:firebase-installations:17.0.0] AndroidManifest.xml:18:13-20:85
156                android:name="com.google.firebase.components:com.google.firebase.installations.FirebaseInstallationsRegistrar"
156-->[com.google.firebase:firebase-installations:17.0.0] AndroidManifest.xml:19:17-127
157                android:value="com.google.firebase.components.ComponentRegistrar" />
157-->[com.google.firebase:firebase-installations:17.0.0] AndroidManifest.xml:20:17-82
158        </service>
159        <service
159-->[:firebase_messaging] AndroidManifest.xml:12:9-15:72
160            android:name="io.flutter.plugins.firebase.messaging.FlutterFirebaseMessagingBackgroundService"
160-->[:firebase_messaging] AndroidManifest.xml:13:13-107
161            android:exported="false"
161-->[:firebase_messaging] AndroidManifest.xml:14:13-37
162            android:permission="android.permission.BIND_JOB_SERVICE" />
162-->[:firebase_messaging] AndroidManifest.xml:15:13-69
163        <service
163-->[:firebase_messaging] AndroidManifest.xml:16:9-22:19
164            android:name="io.flutter.plugins.firebase.messaging.FlutterFirebaseMessagingService"
164-->[:firebase_messaging] AndroidManifest.xml:17:13-97
165            android:exported="false" >
165-->[:firebase_messaging] AndroidManifest.xml:18:13-37
166            <intent-filter>
166-->[:firebase_messaging] AndroidManifest.xml:19:13-21:29
167                <action android:name="com.google.firebase.MESSAGING_EVENT" />
167-->[:firebase_messaging] AndroidManifest.xml:20:17-78
167-->[:firebase_messaging] AndroidManifest.xml:20:25-75
168            </intent-filter>
169        </service>
170
171        <receiver
171-->[:firebase_messaging] AndroidManifest.xml:24:9-31:20
172            android:name="io.flutter.plugins.firebase.messaging.FlutterFirebaseMessagingReceiver"
172-->[:firebase_messaging] AndroidManifest.xml:25:13-98
173            android:exported="true"
173-->[:firebase_messaging] AndroidManifest.xml:26:13-36
174            android:permission="com.google.android.c2dm.permission.SEND" >
174-->[:firebase_messaging] AndroidManifest.xml:27:13-73
175            <intent-filter>
175-->[:firebase_messaging] AndroidManifest.xml:28:13-30:29
176                <action android:name="com.google.android.c2dm.intent.RECEIVE" />
176-->[:firebase_messaging] AndroidManifest.xml:29:17-81
176-->[:firebase_messaging] AndroidManifest.xml:29:25-78
177            </intent-filter>
178        </receiver>
179
180        <provider
180-->[:firebase_messaging] AndroidManifest.xml:39:9-43:38
181            android:name="io.flutter.plugins.firebase.messaging.FlutterFirebaseMessagingInitProvider"
181-->[:firebase_messaging] AndroidManifest.xml:40:13-102
182            android:authorities="com.example.kingsfam.flutterfirebasemessaginginitprovider"
182-->[:firebase_messaging] AndroidManifest.xml:41:13-88
183            android:exported="false"
183-->[:firebase_messaging] AndroidManifest.xml:42:13-37
184            android:initOrder="99" />
184-->[:firebase_messaging] AndroidManifest.xml:43:13-35
185        <provider
185-->[:image_picker] AndroidManifest.xml:8:9-16:20
186            android:name="io.flutter.plugins.imagepicker.ImagePickerFileProvider"
186-->[:image_picker] AndroidManifest.xml:9:13-82
187            android:authorities="com.example.kingsfam.flutter.image_provider"
187-->[:image_picker] AndroidManifest.xml:10:13-74
188            android:exported="false"
188-->[:image_picker] AndroidManifest.xml:11:13-37
189            android:grantUriPermissions="true" >
189-->[:image_picker] AndroidManifest.xml:12:13-47
190            <meta-data
190-->[:image_picker] AndroidManifest.xml:13:13-15:75
191                android:name="android.support.FILE_PROVIDER_PATHS"
191-->[:image_picker] AndroidManifest.xml:14:17-67
192                android:resource="@xml/flutter_image_picker_file_paths" />
192-->[:image_picker] AndroidManifest.xml:15:17-72
193        </provider>
194
195        <receiver
195-->[com.google.firebase:firebase-messaging:22.0.0] AndroidManifest.xml:28:9-35:20
196            android:name="com.google.firebase.iid.FirebaseInstanceIdReceiver"
196-->[com.google.firebase:firebase-messaging:22.0.0] AndroidManifest.xml:29:13-78
197            android:exported="true"
197-->[com.google.firebase:firebase-messaging:22.0.0] AndroidManifest.xml:30:13-36
198            android:permission="com.google.android.c2dm.permission.SEND" >
198-->[com.google.firebase:firebase-messaging:22.0.0] AndroidManifest.xml:31:13-73
199            <intent-filter>
199-->[:firebase_messaging] AndroidManifest.xml:28:13-30:29
200                <action android:name="com.google.android.c2dm.intent.RECEIVE" />
200-->[:firebase_messaging] AndroidManifest.xml:29:17-81
200-->[:firebase_messaging] AndroidManifest.xml:29:25-78
201            </intent-filter>
202        </receiver>
203        <!--
204             FirebaseMessagingService performs security checks at runtime,
205             but set to not exported to explicitly avoid allowing another app to call it.
206        -->
207        <service
207-->[com.google.firebase:firebase-messaging:22.0.0] AndroidManifest.xml:41:9-48:19
208            android:name="com.google.firebase.messaging.FirebaseMessagingService"
208-->[com.google.firebase:firebase-messaging:22.0.0] AndroidManifest.xml:42:13-82
209            android:directBootAware="true"
209-->[com.google.firebase:firebase-messaging:22.0.0] AndroidManifest.xml:43:13-43
210            android:exported="false" >
210-->[com.google.firebase:firebase-messaging:22.0.0] AndroidManifest.xml:44:13-37
211            <intent-filter android:priority="-500" >
211-->[:firebase_messaging] AndroidManifest.xml:19:13-21:29
212                <action android:name="com.google.firebase.MESSAGING_EVENT" />
212-->[:firebase_messaging] AndroidManifest.xml:20:17-78
212-->[:firebase_messaging] AndroidManifest.xml:20:25-75
213            </intent-filter>
214        </service>
215        <service
215-->[com.google.android.datatransport:transport-backend-cct:3.0.0] AndroidManifest.xml:29:9-35:19
216            android:name="com.google.android.datatransport.runtime.backends.TransportBackendDiscovery"
216-->[com.google.android.datatransport:transport-backend-cct:3.0.0] AndroidManifest.xml:30:13-103
217            android:exported="false" >
217-->[com.google.android.datatransport:transport-backend-cct:3.0.0] AndroidManifest.xml:31:13-37
218            <meta-data
218-->[com.google.android.datatransport:transport-backend-cct:3.0.0] AndroidManifest.xml:32:13-34:39
219                android:name="backend:com.google.android.datatransport.cct.CctBackendFactory"
219-->[com.google.android.datatransport:transport-backend-cct:3.0.0] AndroidManifest.xml:33:17-94
220                android:value="cct" />
220-->[com.google.android.datatransport:transport-backend-cct:3.0.0] AndroidManifest.xml:34:17-36
221        </service>
222
223        <activity
223-->[com.google.firebase:firebase-auth:21.0.1] AndroidManifest.xml:27:9-44:20
224            android:name="com.google.firebase.auth.internal.GenericIdpActivity"
224-->[com.google.firebase:firebase-auth:21.0.1] AndroidManifest.xml:28:13-80
225            android:excludeFromRecents="true"
225-->[com.google.firebase:firebase-auth:21.0.1] AndroidManifest.xml:29:13-46
226            android:exported="true"
226-->[com.google.firebase:firebase-auth:21.0.1] AndroidManifest.xml:30:13-36
227            android:launchMode="singleTask"
227-->[com.google.firebase:firebase-auth:21.0.1] AndroidManifest.xml:31:13-44
228            android:theme="@android:style/Theme.Translucent.NoTitleBar" >
228-->[com.google.firebase:firebase-auth:21.0.1] AndroidManifest.xml:32:13-72
229            <intent-filter>
229-->[com.google.firebase:firebase-auth:21.0.1] AndroidManifest.xml:33:13-43:29
230                <action android:name="android.intent.action.VIEW" />
230-->[com.google.firebase:firebase-auth:21.0.1] AndroidManifest.xml:34:17-69
230-->[com.google.firebase:firebase-auth:21.0.1] AndroidManifest.xml:34:25-66
231
232                <category android:name="android.intent.category.DEFAULT" />
232-->[com.google.firebase:firebase-auth:21.0.1] AndroidManifest.xml:36:17-76
232-->[com.google.firebase:firebase-auth:21.0.1] AndroidManifest.xml:36:27-73
233                <category android:name="android.intent.category.BROWSABLE" />
233-->[com.google.firebase:firebase-auth:21.0.1] AndroidManifest.xml:37:17-78
233-->[com.google.firebase:firebase-auth:21.0.1] AndroidManifest.xml:37:27-75
234
235                <data
235-->[com.google.firebase:firebase-auth:21.0.1] AndroidManifest.xml:39:17-42:51
236                    android:host="firebase.auth"
236-->[com.google.firebase:firebase-auth:21.0.1] AndroidManifest.xml:40:21-49
237                    android:path="/"
237-->[com.google.firebase:firebase-auth:21.0.1] AndroidManifest.xml:41:21-37
238                    android:scheme="genericidp" />
238-->[com.google.firebase:firebase-auth:21.0.1] AndroidManifest.xml:42:21-48
239            </intent-filter>
240        </activity>
241        <activity
241-->[com.google.firebase:firebase-auth:21.0.1] AndroidManifest.xml:45:9-62:20
242            android:name="com.google.firebase.auth.internal.RecaptchaActivity"
242-->[com.google.firebase:firebase-auth:21.0.1] AndroidManifest.xml:46:13-79
243            android:excludeFromRecents="true"
243-->[com.google.firebase:firebase-auth:21.0.1] AndroidManifest.xml:47:13-46
244            android:exported="true"
244-->[com.google.firebase:firebase-auth:21.0.1] AndroidManifest.xml:48:13-36
245            android:launchMode="singleTask"
245-->[com.google.firebase:firebase-auth:21.0.1] AndroidManifest.xml:49:13-44
246            android:theme="@android:style/Theme.Translucent.NoTitleBar" >
246-->[com.google.firebase:firebase-auth:21.0.1] AndroidManifest.xml:50:13-72
247            <intent-filter>
247-->[com.google.firebase:firebase-auth:21.0.1] AndroidManifest.xml:51:13-61:29
248                <action android:name="android.intent.action.VIEW" />
248-->[com.google.firebase:firebase-auth:21.0.1] AndroidManifest.xml:34:17-69
248-->[com.google.firebase:firebase-auth:21.0.1] AndroidManifest.xml:34:25-66
249
250                <category android:name="android.intent.category.DEFAULT" />
250-->[com.google.firebase:firebase-auth:21.0.1] AndroidManifest.xml:36:17-76
250-->[com.google.firebase:firebase-auth:21.0.1] AndroidManifest.xml:36:27-73
251                <category android:name="android.intent.category.BROWSABLE" />
251-->[com.google.firebase:firebase-auth:21.0.1] AndroidManifest.xml:37:17-78
251-->[com.google.firebase:firebase-auth:21.0.1] AndroidManifest.xml:37:27-75
252
253                <data
253-->[com.google.firebase:firebase-auth:21.0.1] AndroidManifest.xml:39:17-42:51
254                    android:host="firebase.auth"
254-->[com.google.firebase:firebase-auth:21.0.1] AndroidManifest.xml:40:21-49
255                    android:path="/"
255-->[com.google.firebase:firebase-auth:21.0.1] AndroidManifest.xml:41:21-37
256                    android:scheme="recaptcha" />
256-->[com.google.firebase:firebase-auth:21.0.1] AndroidManifest.xml:42:21-48
257            </intent-filter>
258        </activity>
259
260        <service
260-->[com.google.firebase:firebase-auth:21.0.1] AndroidManifest.xml:64:9-73:19
261            android:name="com.google.firebase.auth.api.fallback.service.FirebaseAuthFallbackService"
261-->[com.google.firebase:firebase-auth:21.0.1] AndroidManifest.xml:65:13-101
262            android:enabled="true"
262-->[com.google.firebase:firebase-auth:21.0.1] AndroidManifest.xml:66:13-35
263            android:exported="false" >
263-->[com.google.firebase:firebase-auth:21.0.1] AndroidManifest.xml:67:13-37
264            <intent-filter>
264-->[com.google.firebase:firebase-auth:21.0.1] AndroidManifest.xml:68:13-72:29
265                <action android:name="com.google.firebase.auth.api.gms.service.START" />
265-->[com.google.firebase:firebase-auth:21.0.1] AndroidManifest.xml:69:17-89
265-->[com.google.firebase:firebase-auth:21.0.1] AndroidManifest.xml:69:25-86
266
267                <category android:name="android.intent.category.DEFAULT" />
267-->[com.google.firebase:firebase-auth:21.0.1] AndroidManifest.xml:36:17-76
267-->[com.google.firebase:firebase-auth:21.0.1] AndroidManifest.xml:36:27-73
268            </intent-filter>
269        </service>
270
271        <provider
271-->[com.google.firebase:firebase-common:20.0.0] AndroidManifest.xml:26:9-31:39
272            android:name="com.google.firebase.provider.FirebaseInitProvider"
272-->[com.google.firebase:firebase-common:20.0.0] AndroidManifest.xml:27:13-77
273            android:authorities="com.example.kingsfam.firebaseinitprovider"
273-->[com.google.firebase:firebase-common:20.0.0] AndroidManifest.xml:28:13-72
274            android:directBootAware="true"
274-->[com.google.firebase:firebase-common:20.0.0] AndroidManifest.xml:29:13-43
275            android:exported="false"
275-->[com.google.firebase:firebase-common:20.0.0] AndroidManifest.xml:30:13-37
276            android:initOrder="100" />
276-->[com.google.firebase:firebase-common:20.0.0] AndroidManifest.xml:31:13-36
277
278        <receiver
278-->[com.google.android.gms:play-services-measurement:19.0.0] AndroidManifest.xml:29:9-33:20